Font List
  DejaVuSans-Bold (ok)
    File /usr/share/fonts/truetype/DejaVuSans-Bold.ttf
    Size 24

Missing Chars
  0x007f

Font Size
  Height: 25
  Baseline: 6
  Line Height: 32

Char 0x0020 ' '
  Font: DejaVuSans-Bold (24)
  Bitmap: 0 x 0
  Advance: 8
  Offset: 0 x 0
     ________
    |........|
    |........|
    |........|
    |........|
    |........|
    |........|
    |........|
    |........|
    |........|
    |........|
    |........|
    |........|
    |........|
    |........|
    |........|
    |........|
    |........|
    |........|
  ->|........|<-
    |........|
    |........|
    |........|
    |........|
    |........|
    |........|
     --------

Char 0x0021 '!'
  Font: DejaVuSans-Bold (24)
  Bitmap: 4 x 18
  Advance: 11
  Offset: 3 x 0
     ___________
    |...........|
    |...####....|
    |...####....|
    |...####....|
    |...####....|
    |...####....|
    |...####....|
    |...####....|
    |...####....|
    |...b##b....|
    |...a##9....|
    |...8##8....|
    |...6##6....|
    |...    ....|
    |...    ....|
    |...####....|
    |...####....|
    |...####....|
  ->|...####....|<-
    |...........|
    |...........|
    |...........|
    |...........|
    |...........|
    |...........|
     -----------

Char 0x0022 '"'
  Font: DejaVuSans-Bold (24)
  Bitmap: 8 x 7
  Advance: 13
  Offset: 2 x 11
     _____________
    |.............|
    |..###  ###...|
    |..###  ###...|
    |..###  ###...|
    |..###  ###...|
    |..###  ###...|
    |..###  ###...|
    |..###  ###...|
    |.............|
    |.............|
    |.............|
    |.............|
    |.............|
    |.............|
    |.............|
    |.............|
    |.............|
    |.............|
  ->|.............|<-
    |.............|
    |.............|
    |.............|
    |.............|
    |.............|
    |.............|
     -------------

Char 0x0023 '#'
  Font: DejaVuSans-Bold (24)
  Bitmap: 17 x 18
  Advance: 20
  Offset: 2 x 0
     ____________________
    |....................|
    |..      8##   b#a  .|
    |..      b#a  1##7  .|
    |..     1##7  4##4  .|
    |..     4##4  7##   .|
    |..     7##1  a#b   .|
    |.. 8###############.|
    |.. 8###############.|
    |.. 8###############.|
    |..    6##2  9##    .|
    |..    9#c   ##9    .|
    |..    ##9  3##5    .|
    |..###############8 .|
    |..###############8 .|
    |..###############8 .|
    |..   b#b  1##7     .|
    |..  1##7  5##3     .|
    |..  5##3  9##      .|
  ->|..  9#c   c#9      .|<-
    |....................|
    |....................|
    |....................|
    |....................|
    |....................|
    |....................|
     --------------------

Char 0x0024 '$'
  Font: DejaVuSans-Bold (24)
  Bitmap: 14 x 23
  Advance: 17
  Offset: 1 x -4
     _________________
    |.      ##      ..|
    |.      ##      ..|
    |.      ##      ..|
    |.  27ac###b851 ..|
    |. 7########### ..|
    |.5############ ..|
    |.b###81## 147b ..|
    |.####  ##      ..|
    |.####6 ##      ..|
    |.a#######741   ..|
    |.3##########a2 ..|
    |. 2a##########2..|
    |.   268#######9..|
    |.      ##28###c..|
    |.      ##  ####..|
    |.b742  ## 6###b..|
    |.#############6..|
    |.############8 ..|
  ->|.158ac####b83  ..|<-
    |.      ##      ..|
    |.      ##      ..|
    |.      ##      ..|
    |.      ##      ..|
    |.................|
    |.................|
     -----------------

Char 0x0025 '%'
  Font: DejaVuSans-Bold (24)
  Bitmap: 23 x 18
  Advance: 24
  Offset: 1 x 0
     ________________________
    |........................|
    |.  8c#c7        5#c     |
    |. b#####b      1c#4     |
    |.7##8 8##7     8#a      |
    |.b##2 2##b    3##1      |
    |.###   ###    b#6       |
    |.###   ###   7#b        |
    |.b##2 2##b  2##3        |
    |.7##8 8##7  a#8         |
    |. b#####b  5#c   7c#c81 |
    |. 18c#c8  1c#5  b#####b |
    |.         8#a  7##8 8##7|
    |.        3##2  b##2 2##b|
    |.        b#7   ###   ###|
    |.       6#b    ###   ###|
    |.      2##3    b##2 2##b|
    |.      a#8     7##8 8##7|
    |.     5#c1      b#####b |
  ->|.     c#5        7c#c8  |<-
    |........................|
    |........................|
    |........................|
    |........................|
    |........................|
    |........................|
     ------------------------

Char 0x0026 '&'
  Font: DejaVuSans-Bold (24)
  Bitmap: 18 x 18
  Advance: 21
  Offset: 1 x 0
     _____________________
    |.....................|
    |.     5a##ca72     ..|
    |.    a########     ..|
    |.   7#########     ..|
    |.   c###6  26b     ..|
    |.   ####           ..|
    |.   c###4          ..|
    |.   9###c1         ..|
    |.   9####b1        ..|
    |. 1b######b1  #### ..|
    |.1c###c####b  ###a ..|
    |.7###8 9####a ###6 ..|
    |.c###1  a####a###1 ..|
    |.####    a######6  ..|
    |.c###5    a####8   ..|
    |.8####5   3####8   ..|
    |.1c####cac######7  ..|
    |. 2b#######cc####7 ..|
  ->|.   49c##c812c####7..|<-
    |.....................|
    |.....................|
    |.....................|
    |.....................|
    |.....................|
    |.....................|
     ---------------------

Char 0x0027 '''
  Font: DejaVuSans-Bold (24)
  Bitmap: 3 x 7
  Advance: 7
  Offset: 2 x 11
     _______
    |.......|
    |..###..|
    |..###..|
    |..###..|
    |..###..|
    |..###..|
    |..###..|
    |..###..|
    |.......|
    |.......|
    |.......|
    |.......|
    |.......|
    |.......|
    |.......|
    |.......|
    |.......|
    |.......|
  ->|.......|<-
    |.......|
    |.......|
    |.......|
    |.......|
    |.......|
    |.......|
     -------

Char 0x0028 '('
  Font: DejaVuSans-Bold (24)
  Bitmap: 7 x 21
  Advance: 11
  Offset: 2 x -3
     ___________
    |...........|
    |..   a##a..|
    |..  5###3..|
    |..  c##a ..|
    |.. 5###5 ..|
    |.. b###  ..|
    |..2###9  ..|
    |..6###6  ..|
    |..9###3  ..|
    |..b###1  ..|
    |..####   ..|
    |..####   ..|
    |..####   ..|
    |..b###1  ..|
    |..9###3  ..|
    |..6###6  ..|
    |..2###9  ..|
    |.. b###  ..|
  ->|.. 5###5 ..|<-
    |..  c##a ..|
    |..  5###3..|
    |..   a##a..|
    |...........|
    |...........|
    |...........|
     -----------

Char 0x0029 ')'
  Font: DejaVuSans-Bold (24)
  Bitmap: 7 x 21
  Advance: 11
  Offset: 2 x -3
     ___________
    |...........|
    |..a##a   ..|
    |..3###5  ..|
    |.. a##c  ..|
    |.. 5###5 ..|
    |..  ###a ..|
    |..  a###2..|
    |..  6###6..|
    |..  3###9..|
    |..  1###b..|
    |..   ####..|
    |..   ####..|
    |..   ####..|
    |..  1###b..|
    |..  3###9..|
    |..  6###6..|
    |..  a###2..|
    |..  ###b ..|
  ->|.. 5###5 ..|<-
    |.. a##c  ..|
    |..3###5  ..|
    |..a##a   ..|
    |...........|
    |...........|
    |...........|
     -----------

Char 0x002a '*'
  Font: DejaVuSans-Bold (24)
  Bitmap: 12 x 11
  Advance: 13
  Offset: 0 x 7
     _____________
    |.............|
    |     ##     .|
    |     ##     .|
    |592  ##  295.|
    |9##93##3a##9.|
    | 3a######a3 .|
    |   6####6   .|
    | 3a######a3 .|
    |9##92##29##9.|
    |592  ##  295.|
    |     ##     .|
    |     ##     .|
    |.............|
    |.............|
    |.............|
    |.............|
    |.............|
    |.............|
  ->|.............|<-
    |.............|
    |.............|
    |.............|
    |.............|
    |.............|
    |.............|
     -------------

Char 0x002b '+'
  Font: DejaVuSans-Bold (24)
  Bitmap: 15 x 15
  Advance: 20
  Offset: 3 x 0
     ____________________
    |....................|
    |....................|
    |....................|
    |....................|
    |...      ###      ..|
    |...      ###      ..|
    |...      ###      ..|
    |...      ###      ..|
    |...      ###      ..|
    |...      ###      ..|
    |...###############..|
    |...###############..|
    |...###############..|
    |...      ###      ..|
    |...      ###      ..|
    |...      ###      ..|
    |...      ###      ..|
    |...      ###      ..|
  ->|...      ###      ..|<-
    |....................|
    |....................|
    |....................|
    |....................|
    |....................|
    |....................|
     --------------------

Char 0x002c ','
  Font: DejaVuSans-Bold (24)
  Bitmap: 5 x 8
  Advance: 9
  Offset: 1 x -3
     _________
    |.........|
    |.........|
    |.........|
    |.........|
    |.........|
    |.........|
    |.........|
    |.........|
    |.........|
    |.........|
    |.........|
    |.........|
    |.........|
    |.........|
    |. ####...|
    |. ####...|
    |. ####...|
    |. ####...|
  ->|.2###8...|<-
    |.6###1...|
    |.9##9 ...|
    |.c##3 ...|
    |.........|
    |.........|
    |.........|
     ---------

Char 0x002d '-'
  Font: DejaVuSans-Bold (24)
  Bitmap: 7 x 3
  Advance: 10
  Offset: 1 x 6
     __________
    |..........|
    |..........|
    |..........|
    |..........|
    |..........|
    |..........|
    |..........|
    |..........|
    |..........|
    |..........|
    |.#######..|
    |.#######..|
    |.#######..|
    |..........|
    |..........|
    |..........|
    |..........|
    |..........|
  ->|..........|<-
    |..........|
    |..........|
    |..........|
    |..........|
    |..........|
    |..........|
     ----------

Char 0x002e '.'
  Font: DejaVuSans-Bold (24)
  Bitmap: 4 x 5
  Advance: 9
  Offset: 2 x 0
     _________
    |.........|
    |.........|
    |.........|
    |.........|
    |.........|
    |.........|
    |.........|
    |.........|
    |.........|
    |.........|
    |.........|
    |.........|
    |.........|
    |.........|
    |..####...|
    |..####...|
    |..####...|
    |..####...|
  ->|..####...|<-
    |.........|
    |.........|
    |.........|
    |.........|
    |.........|
    |.........|
     ---------

Char 0x002f '/'
  Font: DejaVuSans-Bold (24)
  Bitmap: 9 x 20
  Advance: 9
  Offset: 0 x -2
     _________
    |.........|
    |      b#b|
    |     2##7|
    |     6##2|
    |     a#c |
    |    1##7 |
    |    5##3 |
    |    a#c  |
    |    ##8  |
    |   5##4  |
    |   9##   |
    |   ##9   |
    |  4##4   |
    |  8##    |
    |  c#a    |
    | 3##5    |
    | 8##1    |
    | c#a     |
  ->|2##6     |<-
    |7##1     |
    |b#b      |
    |.........|
    |.........|
    |.........|
    |.........|
     ---------

Char 0x0030 '0'
  Font: DejaVuSans-Bold (24)
  Bitmap: 14 x 18
  Advance: 17
  Offset: 1 x 0
     _________________
    |.................|
    |.   28b##b82   ..|
    |.  5########5  ..|
    |. 3##########3 ..|
    |. c###6  6###b ..|
    |.4###9    9###3..|
    |.8###4    4###8..|
    |.b###1    1###b..|
    |.c###      ###c..|
    |.####      ####..|
    |.####      ####..|
    |.c###      ###c..|
    |.b###1    2###b..|
    |.8###4    4###8..|
    |.4###9    9###3..|
    |. c###6  6###b ..|
    |. 3##########3 ..|
    |.  5########5  ..|
  ->|.   28b##b82   ..|<-
    |.................|
    |.................|
    |.................|
    |.................|
    |.................|
    |.................|
     -----------------

Char 0x0031 '1'
  Font: DejaVuSans-Bold (24)
  Bitmap: 12 x 18
  Advance: 17
  Offset: 3 x 0
     _________________
    |.................|
    |...158c####    ..|
    |...########    ..|
    |...########    ..|
    |...c851####    ..|
    |...    ####    ..|
    |...    ####    ..|
    |...    ####    ..|
    |...    ####    ..|
    |...    ####    ..|
    |...    ####    ..|
    |...    ####    ..|
    |...    ####    ..|
    |...    ####    ..|
    |...    ####    ..|
    |...    ####    ..|
    |...############..|
    |...############..|
  ->|...############..|<-
    |.................|
    |.................|
    |.................|
    |.................|
    |.................|
    |.................|
     -----------------

Char 0x0032 '2'
  Font: DejaVuSans-Bold (24)
  Bitmap: 13 x 18
  Advance: 17
  Offset: 2 x 0
     _________________
    |.................|
    |..158ac##ca6   ..|
    |..##########c3 ..|
    |..############2..|
    |..##941 16####9..|
    |..92      5###c..|
    |..         ####..|
    |..        1###c..|
    |..        6###a..|
    |..       3####7..|
    |..      4#####1..|
    |..     7#####5 ..|
    |..    9#####6  ..|
    |..  1b#####5   ..|
    |.. 3c####c3    ..|
    |..5#####b1     ..|
    |..#############..|
    |..#############..|
  ->|..#############..|<-
    |.................|
    |.................|
    |.................|
    |.................|
    |.................|
    |.................|
     -----------------

Char 0x0033 '3'
  Font: DejaVuSans-Bold (24)
  Bitmap: 13 x 18
  Advance: 17
  Offset: 1 x 0
     _________________
    |.................|
    |. 269c###b84  ...|
    |. ##########a ...|
    |. ###########7...|
    |. b631  3a###c...|
    |.        1####...|
    |.        1###b...|
    |.      14b###4...|
    |.   #######b4 ...|
    |.   #######91 ...|
    |.   ########c1...|
    |.      15c###8...|
    |.        3###c...|
    |.         ####...|
    |.        3###c...|
    |.b731  15c###9...|
    |.############2...|
    |.##########c3 ...|
  ->|.269c###b95   ...|<-
    |.................|
    |.................|
    |.................|
    |.................|
    |.................|
    |.................|
     -----------------

Char 0x0034 '4'
  Font: DejaVuSans-Bold (24)
  Bitmap: 15 x 18
  Advance: 17
  Offset: 1 x 0
     _________________
    |.................|
    |.      4#####   .|
    |.      c#####   .|
    |.     8######   .|
    |.    3#######   .|
    |.    b##9####   .|
    |.   7###1####   .|
    |.  2###5 ####   .|
    |.  a##a  ####   .|
    |. 6###2  ####   .|
    |.1###6   ####   .|
    |.9##b    ####   .|
    |.###3    ####   .|
    |.###############.|
    |.###############.|
    |.###############.|
    |.        ####   .|
    |.        ####   .|
  ->|.        ####   .|<-
    |.................|
    |.................|
    |.................|
    |.................|
    |.................|
    |.................|
     -----------------

Char 0x0035 '5'
  Font: DejaVuSans-Bold (24)
  Bitmap: 13 x 18
  Advance: 17
  Offset: 2 x 0
     _________________
    |.................|
    |.. ########### ..|
    |.. ########### ..|
    |.. ########### ..|
    |.. ####        ..|
    |.. ####        ..|
    |.. ####        ..|
    |.. ####b##b71  ..|
    |.. ##########3 ..|
    |.. ###########1..|
    |.. b63  16####7..|
    |..        5###b..|
    |..         ####..|
    |..         ####..|
    |..        5###b..|
    |..b742  16####6..|
    |..###########b ..|
    |..##########a1 ..|
  ->|..269b###c94   ..|<-
    |.................|
    |.................|
    |.................|
    |.................|
    |.................|
    |.................|
     -----------------

Char 0x0036 '6'
  Font: DejaVuSans-Bold (24)
  Bitmap: 14 x 18
  Advance: 17
  Offset: 1 x 0
     _________________
    |.................|
    |.    28b##ca72 ..|
    |.   8######### ..|
    |.  a########## ..|
    |. 7###c51  26b ..|
    |.1###c1        ..|
    |.6###5         ..|
    |.a###38c##b6   ..|
    |.c##########c3 ..|
    |.############c1..|
    |.####c3  3c###7..|
    |.c###3    3###c..|
    |.b###      ####..|
    |.8###      ####..|
    |.4###3    3###a..|
    |. c##c3  3c###5..|
    |. 3##########b ..|
    |.  4########a1 ..|
  ->|.   17b##c94   ..|<-
    |.................|
    |.................|
    |.................|
    |.................|
    |.................|
    |.................|
     -----------------

Char 0x0037 '7'
  Font: DejaVuSans-Bold (24)
  Bitmap: 13 x 18
  Advance: 17
  Offset: 2 x 0
     _________________
    |.................|
    |..#############..|
    |..#############..|
    |..#############..|
    |..        a###8..|
    |..       2####2..|
    |..       8###a ..|
    |..      1####4 ..|
    |..      6###b  ..|
    |..      c###5  ..|
    |..     5####   ..|
    |..     b###7   ..|
    |..    3####1   ..|
    |..    9###9    ..|
    |..   1####3    ..|
    |..   7###b     ..|
    |..   ####5     ..|
    |..  5###c      ..|
  ->|..  b###6      ..|<-
    |.................|
    |.................|
    |.................|
    |.................|
    |.................|
    |.................|
     -----------------

Char 0x0038 '8'
  Font: DejaVuSans-Bold (24)
  Bitmap: 14 x 18
  Advance: 17
  Offset: 1 x 0
     _________________
    |.................|
    |.  27ac##cb72  ..|
    |. 8##########8 ..|
    |.6############6..|
    |.c###a3  2a###c..|
    |.####1    1####..|
    |.c###1    1###c..|
    |.6###a2  2a###6..|
    |. 7##########7 ..|
    |.  5########5  ..|
    |. 8##########8 ..|
    |.6###b3  3b###6..|
    |.b###2    2###b..|
    |.####      ####..|
    |.####2    2####..|
    |.a###b3  3b###a..|
    |.3############3..|
    |. 5##########5 ..|
  ->|.  17ac##ca71  ..|<-
    |.................|
    |.................|
    |.................|
    |.................|
    |.................|
    |.................|
     -----------------

Char 0x0039 '9'
  Font: DejaVuSans-Bold (24)
  Bitmap: 14 x 18
  Advance: 17
  Offset: 1 x 0
     _________________
    |.................|
    |.   49c##b71   ..|
    |. 1a########4  ..|
    |. b##########3 ..|
    |.5###c4  4c##b ..|
    |.a###4    4###4..|
    |.####      ###8..|
    |.####      ###b..|
    |.c###3    3###c..|
    |.8###c3  3c####..|
    |.1#############..|
    |. 3c##########c..|
    |.  17b##c83###a..|
    |.         6###6..|
    |.        1c###1..|
    |. b62  15c###7 ..|
    |. ##########a  ..|
    |. #########8   ..|
  ->|. 27b###b82    ..|<-
    |.................|
    |.................|
    |.................|
    |.................|
    |.................|
    |.................|
     -----------------

Char 0x003a ':'
  Font: DejaVuSans-Bold (24)
  Bitmap: 4 x 13
  Advance: 10
  Offset: 3 x 0
     __________
    |..........|
    |..........|
    |..........|
    |..........|
    |..........|
    |..........|
    |...####...|
    |...####...|
    |...####...|
    |...####...|
    |...####...|
    |...    ...|
    |...    ...|
    |...    ...|
    |...####...|
    |...####...|
    |...####...|
    |...####...|
  ->|...####...|<-
    |..........|
    |..........|
    |..........|
    |..........|
    |..........|
    |..........|
     ----------

Char 0x003b ';'
  Font: DejaVuSans-Bold (24)
  Bitmap: 5 x 16
  Advance: 10
  Offset: 2 x -3
     __________
    |..........|
    |..........|
    |..........|
    |..........|
    |..........|
    |..........|
    |.. ####...|
    |.. ####...|
    |.. ####...|
    |.. ####...|
    |.. ####...|
    |..     ...|
    |..     ...|
    |..     ...|
    |.. ####...|
    |.. ####...|
    |.. ####...|
    |.. ####...|
  ->|..2###8...|<-
    |..6###1...|
    |..9##9 ...|
    |..c##3 ...|
    |..........|
    |..........|
    |..........|
     ----------

Char 0x003c '<'
  Font: DejaVuSans-Bold (24)
  Bitmap: 15 x 14
  Advance: 20
  Offset: 3 x 0
     ____________________
    |....................|
    |....................|
    |....................|
    |....................|
    |....................|
    |...            16b..|
    |...          49###..|
    |...       28c#####..|
    |...    16b#####c72..|
    |...  4a######83   ..|
    |...8######94      ..|
    |...####a5         ..|
    |...####94         ..|
    |...8######94      ..|
    |...  4a#####c83   ..|
    |...    16b#####c72..|
    |...       28c#####..|
    |...          49###..|
  ->|...            16b..|<-
    |....................|
    |....................|
    |....................|
    |....................|
    |....................|
    |....................|
     --------------------

Char 0x003d '='
  Font: DejaVuSans-Bold (24)
  Bitmap: 15 x 9
  Advance: 20
  Offset: 3 x 3
     ____________________
    |....................|
    |....................|
    |....................|
    |....................|
    |....................|
    |....................|
    |....................|
    |...###############..|
    |...###############..|
    |...###############..|
    |...               ..|
    |...               ..|
    |...               ..|
    |...###############..|
    |...###############..|
    |...###############..|
    |....................|
    |....................|
  ->|....................|<-
    |....................|
    |....................|
    |....................|
    |....................|
    |....................|
    |....................|
     --------------------

Char 0x003e '>'
  Font: DejaVuSans-Bold (24)
  Bitmap: 15 x 14
  Advance: 20
  Offset: 3 x 0
     ____________________
    |....................|
    |....................|
    |....................|
    |....................|
    |....................|
    |...b61            ..|
    |...###94          ..|
    |...#####c82       ..|
    |...27c#####b61    ..|
    |...   38######a4  ..|
    |...      49######8..|
    |...         5a####..|
    |...         49####..|
    |...      49######8..|
    |...   38c#####a4  ..|
    |...27c#####b61    ..|
    |...#####c82       ..|
    |...###94          ..|
  ->|...b61            ..|<-
    |....................|
    |....................|
    |....................|
    |....................|
    |....................|
    |....................|
     --------------------

Char 0x003f '?'
  Font: DejaVuSans-Bold (24)
  Bitmap: 11 x 18
  Advance: 14
  Offset: 2 x 0
     ______________
    |..............|
    |..######c95  .|
    |..#########a .|
    |..##########7.|
    |..b731 18###c.|
    |..       ####.|
    |..      4###b.|
    |..     5####5.|
    |..    8####6 .|
    |..   9####4  .|
    |..  6###c2   .|
    |..  c###3    .|
    |..  ####     .|
    |..           .|
    |..           .|
    |..  ####     .|
    |..  ####     .|
    |..  ####     .|
  ->|..  ####     .|<-
    |..............|
    |..............|
    |..............|
    |..............|
    |..............|
    |..............|
     --------------

Char 0x0040 '@'
  Font: DejaVuSans-Bold (24)
  Bitmap: 21 x 21
  Advance: 24
  Offset: 2 x -3
     ________________________
    |........................|
    |..      27ac##c95      .|
    |..    19##########6    .|
    |..   4###841  25a##a   .|
    |..  4##91        3c#a  .|
    |.. 2##7           1c#7 .|
    |.. a#8   5b##91### 2##1.|
    |..2##   8#####c###  8#7.|
    |..7#7  4##c3 3c###  3#b.|
    |..b#3  9##5   5###   ##.|
    |..##   c##1   1###   ##.|
    |..##   ###     ###  1#c.|
    |..##   c##1   1###  4#9.|
    |..b#3  9##5   5###  b#4.|
    |..8#7  4##c3 3c###29#9 .|
    |..3#c   8#####c#####9  .|
    |.. b#8   5b##91##c83   .|
    |.. 3##6                .|
  ->|..  6##8         56    .|<-
    |..   6##c731  26c#b    .|
    |..    3b#########a2    .|
    |..      38b###b72      .|
    |........................|
    |........................|
    |........................|
     ------------------------

Char 0x0041 'A'
  Font: DejaVuSans-Bold (24)
  Bitmap: 18 x 18
  Advance: 19
  Offset: 0 x 0
     ___________________
    |...................|
    |      b####b      .|
    |     2######2     .|
    |     7######7     .|
    |     c######c     .|
    |    3########3    .|
    |    8###99###8    .|
    |    c###44###c    .|
    |   4###c  ####4   .|
    |   9###8  8###8   .|
    |   ####3  3####   .|
    |  4###c    c###4  .|
    |  9###7    7###9  .|
    | 1##############1 .|
    | 5##############5 .|
    | a##############a .|
    |1####1      1####1.|
    |6###a        a###6.|
  ->|b###5        5###b.|<-
    |...................|
    |...................|
    |...................|
    |...................|
    |...................|
    |...................|
     -------------------

Char 0x0042 'B'
  Font: DejaVuSans-Bold (24)
  Bitmap: 14 x 18
  Advance: 18
  Offset: 2 x 0
     __________________
    |..................|
    |..########b94   ..|
    |..###########a  ..|
    |..############7 ..|
    |..####   19###c ..|
    |..####     #### ..|
    |..####     ###c ..|
    |..####   18###9 ..|
    |..############2 ..|
    |..###########9  ..|
    |..############b ..|
    |..####    3b###7..|
    |..####     2###b..|
    |..####      ####..|
    |..####     2####..|
    |..####    3b###a..|
    |..#############4..|
    |..############7 ..|
  ->|..#########b72  ..|<-
    |..................|
    |..................|
    |..................|
    |..................|
    |..................|
    |..................|
     ------------------

Char 0x0043 'C'
  Font: DejaVuSans-Bold (24)
  Bitmap: 15 x 18
  Advance: 18
  Offset: 1 x 0
     __________________
    |..................|
    |.     48b###b95 ..|
    |.   4c##########..|
    |.  6############..|
    |. 5####b41 137##..|
    |. c###8       19..|
    |.5###b          ..|
    |.a###5          ..|
    |.c###1          ..|
    |.####           ..|
    |.####           ..|
    |.c###1          ..|
    |.a###5          ..|
    |.5###b          ..|
    |. c###8       19..|
    |. 5####b41 137##..|
    |.  6############..|
    |.   4c##########..|
  ->|.     49b###b95 ..|<-
    |..................|
    |..................|
    |..................|
    |..................|
    |..................|
    |..................|
     ------------------

Char 0x0044 'D'
  Font: DejaVuSans-Bold (24)
  Bitmap: 16 x 18
  Advance: 20
  Offset: 2 x 0
     ____________________
    |....................|
    |..#######ca84     ..|
    |..###########c4   ..|
    |..#############6  ..|
    |..####   25b####4 ..|
    |..####      9###c ..|
    |..####       b###5..|
    |..####       5###a..|
    |..####       1###c..|
    |..####        ####..|
    |..####        ####..|
    |..####       2###c..|
    |..####       5###a..|
    |..####       b###5..|
    |..####      9###c ..|
    |..####   26b####4 ..|
    |..#############6  ..|
    |..###########c4   ..|
  ->|..#######ca84     ..|<-
    |....................|
    |....................|
    |....................|
    |....................|
    |....................|
    |....................|
     --------------------

Char 0x0045 'E'
  Font: DejaVuSans-Bold (24)
  Bitmap: 12 x 18
  Advance: 16
  Offset: 2 x 0
     ________________
    |................|
    |..############..|
    |..############..|
    |..############..|
    |..####        ..|
    |..####        ..|
    |..####        ..|
    |..####        ..|
    |..########### ..|
    |..########### ..|
    |..########### ..|
    |..####        ..|
    |..####        ..|
    |..####        ..|
    |..####        ..|
    |..####        ..|
    |..############..|
    |..############..|
  ->|..############..|<-
    |................|
    |................|
    |................|
    |................|
    |................|
    |................|
     ----------------

Char 0x0046 'F'
  Font: DejaVuSans-Bold (24)
  Bitmap: 12 x 18
  Advance: 16
  Offset: 2 x 0
     ________________
    |................|
    |..############..|
    |..############..|
    |..############..|
    |..####        ..|
    |..####        ..|
    |..####        ..|
    |..####        ..|
    |..############..|
    |..############..|
    |..############..|
    |..####        ..|
    |..####        ..|
    |..####        ..|
    |..####        ..|
    |..####        ..|
    |..####        ..|
    |..####        ..|
  ->|..####        ..|<-
    |................|
    |................|
    |................|
    |................|
    |................|
    |................|
     ----------------

Char 0x0047 'G'
  Font: DejaVuSans-Bold (24)
  Bitmap: 17 x 18
  Advance: 20
  Offset: 1 x 0
     ____________________
    |....................|
    |.     48b###ca84  ..|
    |.   4c########### ..|
    |.  6############# ..|
    |. 5####b51  259## ..|
    |. ####8        29 ..|
    |.6###b            ..|
    |.a###5            ..|
    |.c###1            ..|
    |.####      #######..|
    |.####      #######..|
    |.c###2     #######..|
    |.a###5        ####..|
    |.5###c        ####..|
    |. c###9       ####..|
    |. 4####c62   3####..|
    |.  6##############..|
    |.   4c###########9..|
  ->|.     48b###ca841 ..|<-
    |....................|
    |....................|
    |....................|
    |....................|
    |....................|
    |....................|
     --------------------

Char 0x0048 'H'
  Font: DejaVuSans-Bold (24)
  Bitmap: 16 x 18
  Advance: 20
  Offset: 2 x 0
     ____________________
    |....................|
    |..####        ####..|
    |..####        ####..|
    |..####        ####..|
    |..####        ####..|
    |..####        ####..|
    |..####        ####..|
    |..####        ####..|
    |..################..|
    |..################..|
    |..################..|
    |..####        ####..|
    |..####        ####..|
    |..####        ####..|
    |..####        ####..|
    |..####        ####..|
    |..####        ####..|
    |..####        ####..|
  ->|..####        ####..|<-
    |....................|
    |....................|
    |....................|
    |....................|
    |....................|
    |....................|
     --------------------

Char 0x0049 'I'
  Font: DejaVuSans-Bold (24)
  Bitmap: 4 x 18
  Advance: 9
  Offset: 2 x 0
     _________
    |.........|
    |..####...|
    |..####...|
    |..####...|
    |..####...|
    |..####...|
    |..####...|
    |..####...|
    |..####...|
    |..####...|
    |..####...|
    |..####...|
    |..####...|
    |..####...|
    |..####...|
    |..####...|
    |..####...|
    |..####...|
  ->|..####...|<-
    |.........|
    |.........|
    |.........|
    |.........|
    |.........|
    |.........|
     ---------

Char 0x004a 'J'
  Font: DejaVuSans-Bold (24)
  Bitmap: 8 x 23
  Advance: 9
  Offset: -2 x -5
       _________
    |...........|
    |    ####...|
    |    ####...|
    |    ####...|
    |    ####...|
    |    ####...|
    |    ####...|
    |    ####...|
    |    ####...|
    |    ####...|
    |    ####...|
    |    ####...|
    |    ####...|
    |    ####...|
    |    ####...|
    |    ####...|
    |    ####...|
    |    ####...|
  ->|   1####...|<-
    |   5###b...|
    |  5####7...|
    |######c1...|
    |#####c3 ...|
    |##ca6   ...|
    |...........|
       ---------

Char 0x004b 'K'
  Font: DejaVuSans-Bold (24)
  Bitmap: 17 x 18
  Advance: 19
  Offset: 2 x 0
     ___________________
    |...................|
    |..####      b####6 |
    |..####     b####6  |
    |..####   1b####6   |
    |..####  1b####6    |
    |..#### 1b####6     |
    |..####1b####6      |
    |..####b####6       |
    |..########6        |
    |..#######8         |
    |..########5        |
    |..#########5       |
    |..####5#####5      |
    |..#### 5#####5     |
    |..####  5#####6    |
    |..####   5#####6   |
    |..####    5#####6  |
    |..####     4#####6 |
  ->|..####      4#####6|<-
    |...................|
    |...................|
    |...................|
    |...................|
    |...................|
    |...................|
     -------------------

Char 0x004c 'L'
  Font: DejaVuSans-Bold (24)
  Bitmap: 12 x 18
  Advance: 15
  Offset: 2 x 0
     _______________
    |...............|
    |..####        .|
    |..####        .|
    |..####        .|
    |..####        .|
    |..####        .|
    |..####        .|
    |..####        .|
    |..####        .|
    |..####        .|
    |..####        .|
    |..####        .|
    |..####        .|
    |..####        .|
    |..####        .|
    |..####        .|
    |..############.|
    |..############.|
  ->|..############.|<-
    |...............|
    |...............|
    |...............|
    |...............|
    |...............|
    |...............|
     ---------------

Char 0x004d 'M'
  Font: DejaVuSans-Bold (24)
  Bitmap: 19 x 18
  Advance: 24
  Offset: 2 x 0
     ________________________
    |........................|
    |..#####5       5#####...|
    |..#####b       b#####...|
    |..######3     3######...|
    |..######8     8######...|
    |..#######    1#######...|
    |..####b##6   6##b####...|
    |..####5##b   b##5####...|
    |..#### ###3 3### ####...|
    |..#### 8##9 9##7 ####...|
    |..#### 2###2###2 ####...|
    |..####  a##c##a  ####...|
    |..####  5#####4  ####...|
    |..####   c###c   ####...|
    |..####   7###7   ####...|
    |..####   2###1   ####...|
    |..####           ####...|
    |..####           ####...|
  ->|..####           ####...|<-
    |........................|
    |........................|
    |........................|
    |........................|
    |........................|
    |........................|
     ------------------------

Char 0x004e 'N'
  Font: DejaVuSans-Bold (24)
  Bitmap: 16 x 18
  Advance: 20
  Offset: 2 x 0
     ____________________
    |....................|
    |..#####1      ####..|
    |..#####9      ####..|
    |..######2     ####..|
    |..######9     ####..|
    |..#######3    ####..|
    |..####8##a    ####..|
    |..####1###4   ####..|
    |..#### 7##b   ####..|
    |..####  c##4  ####..|
    |..####  6##c  ####..|
    |..####   c##5 ####..|
    |..####   5##c ####..|
    |..####    b##6####..|
    |..####    4#######..|
    |..####     a######..|
    |..####     3######..|
    |..####      9#####..|
  ->|..####      2#####..|<-
    |....................|
    |....................|
    |....................|
    |....................|
    |....................|
    |....................|
     --------------------

Char 0x004f 'O'
  Font: DejaVuSans-Bold (24)
  Bitmap: 18 x 18
  Advance: 20
  Offset: 1 x 0
     ____________________
    |....................|
    |.    16ac##ca61    .|
    |.   7##########7   .|
    |.  9############9  .|
    |. 7####83  38####7 .|
    |.1####5      6####1.|
    |.6###a        a###6.|
    |.a###4        4###a.|
    |.c###1        1###c.|
    |.####          ####.|
    |.####          ####.|
    |.c###1        1###c.|
    |.a###4        4###a.|
    |.6###a        a###6.|
    |.1####5      5####1.|
    |. 7####82  28####7 .|
    |.  9############9  .|
    |.   7##########7   .|
  ->|.    16ac##ca61    .|<-
    |....................|
    |....................|
    |....................|
    |....................|
    |....................|
    |....................|
     --------------------

Char 0x0050 'P'
  Font: DejaVuSans-Bold (24)
  Bitmap: 14 x 18
  Advance: 18
  Offset: 2 x 0
     __________________
    |..................|
    |..#########a71  ..|
    |..############4 ..|
    |..#############2..|
    |..####    4c###9..|
    |..####     3###c..|
    |..####      ####..|
    |..####     3###c..|
    |..####    4c###9..|
    |..#############2..|
    |..############4 ..|
    |..#########b71  ..|
    |..####          ..|
    |..####          ..|
    |..####          ..|
    |..####          ..|
    |..####          ..|
    |..####          ..|
  ->|..####          ..|<-
    |..................|
    |..................|
    |..................|
    |..................|
    |..................|
    |..................|
     ------------------

Char 0x0051 'Q'
  Font: DejaVuSans-Bold (24)
  Bitmap: 18 x 22
  Advance: 20
  Offset: 1 x -4
     ____________________
    |....................|
    |.    16ac##ca61    .|
    |.   6##########7   .|
    |.  9############9  .|
    |. 6####83  38####7 .|
    |.1####5      6####1.|
    |.6###a        a###6.|
    |.a###4        4###a.|
    |.c###1        1###c.|
    |.####          ####.|
    |.####          ####.|
    |.c###1        1###c.|
    |.a###4        4###a.|
    |.6###9        a###7.|
    |.1####5      5####2.|
    |. 7####82  28####9 .|
    |.  9############c1 .|
    |.   7##########b1  .|
  ->|.    16ac#####c    .|<-
    |.         2####7   .|
    |.          5####2  .|
    |.           9###b  .|
    |.            c###6 .|
    |....................|
    |....................|
     --------------------

Char 0x0052 'R'
  Font: DejaVuSans-Bold (24)
  Bitmap: 16 x 18
  Advance: 18
  Offset: 2 x 0
     __________________
    |..................|
    |..#########b83    |
    |..############8   |
    |..#############6  |
    |..####    3b###b  |
    |..####     2####  |
    |..####      ####  |
    |..####     2###b  |
    |..####    3b###5  |
    |..############8   |
    |..###########7    |
    |..############6   |
    |..####   3a####2  |
    |..####     b###9  |
    |..####     3####1 |
    |..####      b###7 |
    |..####      5###c |
    |..####       c###5|
  ->|..####       7###b|<-
    |..................|
    |..................|
    |..................|
    |..................|
    |..................|
    |..................|
     ------------------

Char 0x0053 'S'
  Font: DejaVuSans-Bold (24)
  Bitmap: 14 x 18
  Advance: 17
  Offset: 2 x 0
     _________________
    |.................|
    |..  17ac##cb974 .|
    |.. 4########### .|
    |..2############ .|
    |..9###a3  149## .|
    |..c###1      29 .|
    |..####          .|
    |..c###a2        .|
    |..8#####c974    .|
    |..1c#########81 .|
    |.. 19#########c1.|
    |..   169c######8.|
    |..       15b###c.|
    |..         1####.|
    |..a3       1###c.|
    |..##b631  3a###9.|
    |..#############3.|
    |..############5 .|
  ->|.. 37ab###ca61  .|<-
    |.................|
    |.................|
    |.................|
    |.................|
    |.................|
    |.................|
     -----------------

Char 0x0054 'T'
  Font: DejaVuSans-Bold (24)
  Bitmap: 16 x 18
  Advance: 16
  Offset: 0 x 0
     ________________
    |................|
    |################|
    |################|
    |################|
    |      ####      |
    |      ####      |
    |      ####      |
    |      ####      |
    |      ####      |
    |      ####      |
    |      ####      |
    |      ####      |
    |      ####      |
    |      ####      |
    |      ####      |
    |      ####      |
    |      ####      |
    |      ####      |
  ->|      ####      |<-
    |................|
    |................|
    |................|
    |................|
    |................|
    |................|
     ----------------

Char 0x0055 'U'
  Font: DejaVuSans-Bold (24)
  Bitmap: 15 x 18
  Advance: 19
  Offset: 2 x 0
     ___________________
    |...................|
    |..####       ####..|
    |..####       ####..|
    |..####       ####..|
    |..####       ####..|
    |..####       ####..|
    |..####       ####..|
    |..####       ####..|
    |..####       ####..|
    |..####       ####..|
    |..####       ####..|
    |..####       ####..|
    |..####       ####..|
    |..c###2     2###c..|
    |..9###6     7###9..|
    |..4####61 16####4..|
    |.. a###########a ..|
    |..  9#########9  ..|
  ->|..   38b###b83   ..|<-
    |...................|
    |...................|
    |...................|
    |...................|
    |...................|
    |...................|
     -------------------

Char 0x0056 'V'
  Font: DejaVuSans-Bold (24)
  Bitmap: 18 x 18
  Advance: 19
  Offset: 0 x 0
     ___________________
    |...................|
    |b###5        5###b.|
    |6###a        a###6.|
    |1####1      1####1.|
    | a###6      6###a .|
    | 5###b      b###5 .|
    | 1####2    2####1 .|
    |  9###7    7###9  .|
    |  4###c    c###4  .|
    |   ####3  3####   .|
    |   9###8  8###8   .|
    |   4###c  c###4   .|
    |    c###44###c    .|
    |    8###99###8    .|
    |    3########3    .|
    |     c######c     .|
    |     7######7     .|
    |     2######2     .|
  ->|      b####b      .|<-
    |...................|
    |...................|
    |...................|
    |...................|
    |...................|
    |...................|
     -------------------

Char 0x0057 'W'
  Font: DejaVuSans-Bold (24)
  Bitmap: 25 x 18
  Advance: 26
  Offset: 1 x 0
     __________________________
    |..........................|
    |.c###3     a###b     3###c|
    |.9###6     #####     6###9|
    |.5###9    3#####3    9###5|
    |.2###c    6#####6    c###2|
    |. ####1   9##a##a   1#### |
    |. a###5   c##4###   5###a |
    |. 7###8  2##c c##2  8###7 |
    |. 3###b  5##9 9##5  b###3 |
    |.  ####  8##6 6##8  ####  |
    |.  b###4 b##3 3##c 3###b  |
    |.  8###7 ###   ###17###8  |
    |.  4###a4##a   a##4a###5  |
    |.  1####7##7   7##7####1  |
    |.   c###c##4   4######c   |
    |.   9######1   1######9   |
    |.   5#####c     b#####6   |
    |.   2#####8     8#####3   |
  ->|.    #####5     5#####    |<-
    |..........................|
    |..........................|
    |..........................|
    |..........................|
    |..........................|
    |..........................|
     --------------------------

Char 0x0058 'X'
  Font: DejaVuSans-Bold (24)
  Bitmap: 18 x 18
  Advance: 19
  Offset: 0 x 0
     ___________________
    |...................|
    |9####3      3####9.|
    | c###c      c###c .|
    | 3####8    8####3 .|
    |  7####4  4####7  .|
    |   b###c11c###b   .|
    |   2####99####2   .|
    |    6########6    .|
    |     a######a     .|
    |     1######1     .|
    |     4######4     .|
    |    1c######c1    .|
    |    9########9    .|
    |   4####66####4   .|
    |  1c###b  b###c1  .|
    |  9####2  2####9  .|
    | 4####6    6####4 .|
    |1c###b      b###c1.|
  ->|9####2      2####9.|<-
    |...................|
    |...................|
    |...................|
    |...................|
    |...................|
    |...................|
     -------------------

Char 0x0059 'Y'
  Font: DejaVuSans-Bold (24)
  Bitmap: 18 x 18
  Advance: 17
  Offset: -1 x 0
      _________________
    |..................|
    |9####2      2####9|
    |1c###b      b###c1|
    | 4####6    7####4 |
    |  9####2  2####9  |
    |  1c###b  b###c   |
    |   4####67####4   |
    |    8########8    |
    |     c######c     |
    |     4######4     |
    |      8####8      |
    |       ####       |
    |       ####       |
    |       ####       |
    |       ####       |
    |       ####       |
    |       ####       |
    |       ####       |
  ->|       ####       |<-
    |..................|
    |..................|
    |..................|
    |..................|
    |..................|
    |..................|
      -----------------

Char 0x005a 'Z'
  Font: DejaVuSans-Bold (24)
  Bitmap: 15 x 18
  Advance: 17
  Offset: 1 x 0
     _________________
    |.................|
    |.###############.|
    |.###############.|
    |.###############.|
    |.         8####7.|
    |.        5####9 .|
    |.       3####b  .|
    |.      1c####2  .|
    |.      b####4   .|
    |.     9####6    .|
    |.    6####9     .|
    |.   3####b      .|
    |.  2####c1      .|
    |.  b####3       .|
    |. 9####6        .|
    |.7####8         .|
    |.###############.|
    |.###############.|
  ->|.###############.|<-
    |.................|
    |.................|
    |.................|
    |.................|
    |.................|
    |.................|
     -----------------

Char 0x005b '['
  Font: DejaVuSans-Bold (24)
  Bitmap: 7 x 21
  Advance: 11
  Offset: 2 x -3
     ___________
    |...........|
    |..#######..|
    |..#######..|
    |..#######..|
    |..####   ..|
    |..####   ..|
    |..####   ..|
    |..####   ..|
    |..####   ..|
    |..####   ..|
    |..####   ..|
    |..####   ..|
    |..####   ..|
    |..####   ..|
    |..####   ..|
    |..####   ..|
    |..####   ..|
    |..####   ..|
  ->|..####   ..|<-
    |..#######..|
    |..#######..|
    |..#######..|
    |...........|
    |...........|
    |...........|
     -----------

Char 0x005c '\'
  Font: DejaVuSans-Bold (24)
  Bitmap: 9 x 20
  Advance: 9
  Offset: 0 x -2
     _________
    |.........|
    |b#b      |
    |7##1     |
    |2##6     |
    | c#a     |
    | 8##1    |
    | 3##5    |
    |  c#a    |
    |  8##    |
    |  4##4   |
    |   ##9   |
    |   9##   |
    |   5##4  |
    |    ##8  |
    |    a#c  |
    |    5##3 |
    |    1##7 |
    |     a#c |
  ->|     6##2|<-
    |     2##7|
    |      b#b|
    |.........|
    |.........|
    |.........|
    |.........|
     ---------

Char 0x005d ']'
  Font: DejaVuSans-Bold (24)
  Bitmap: 7 x 21
  Advance: 11
  Offset: 2 x -3
     ___________
    |...........|
    |..#######..|
    |..#######..|
    |..#######..|
    |..   ####..|
    |..   ####..|
    |..   ####..|
    |..   ####..|
    |..   ####..|
    |..   ####..|
    |..   ####..|
    |..   ####..|
    |..   ####..|
    |..   ####..|
    |..   ####..|
    |..   ####..|
    |..   ####..|
    |..   ####..|
  ->|..   ####..|<-
    |..#######..|
    |..#######..|
    |..#######..|
    |...........|
    |...........|
    |...........|
     -----------

Char 0x005e '^'
  Font: DejaVuSans-Bold (24)
  Bitmap: 15 x 7
  Advance: 20
  Offset: 2 x 11
     ____________________
    |....................|
    |..     5###4     ...|
    |..    3#####3    ...|
    |..   2#######2   ...|
    |..  1c##c5c##c1  ...|
    |..  b##b1 1b##a  ...|
    |.. 9##8     8##9 ...|
    |..7##5       5##7...|
    |....................|
    |....................|
    |....................|
    |....................|
    |....................|
    |....................|
    |....................|
    |....................|
    |....................|
    |....................|
  ->|....................|<-
    |....................|
    |....................|
    |....................|
    |....................|
    |....................|
    |....................|
     --------------------

Char 0x005f '_'
  Font: DejaVuSans-Bold (24)
  Bitmap: 12 x 2
  Advance: 12
  Offset: 0 x -6
     ____________
    |............|
    |............|
    |............|
    |............|
    |............|
    |............|
    |............|
    |............|
    |............|
    |............|
    |............|
    |............|
    |............|
    |............|
    |............|
    |............|
    |............|
    |............|
  ->|............|<-
    |............|
    |............|
    |............|
    |............|
    |############|
    |############|
     ------------

Char 0x0060 '`'
  Font: DejaVuSans-Bold (24)
  Bitmap: 7 x 4
  Advance: 12
  Offset: 1 x 15
     ____________
    |.6##b1  ....|
    |. 4##a  ....|
    |.  3c#9 ....|
    |.   1b#7....|
    |............|
    |............|
    |............|
    |............|
    |............|
    |............|
    |............|
    |............|
    |............|
    |............|
    |............|
    |............|
    |............|
    |............|
  ->|............|<-
    |............|
    |............|
    |............|
    |............|
    |............|
    |............|
     ------------

Char 0x0061 'a'
  Font: DejaVuSans-Bold (24)
  Bitmap: 13 x 13
  Advance: 16
  Offset: 1 x 0
     ________________
    |................|
    |................|
    |................|
    |................|
    |................|
    |................|
    |. 269b###b82  ..|
    |. ##########6 ..|
    |. ###########3..|
    |. b62   29###8..|
    |.         ###c..|
    |.  6ac########..|
    |.1c###########..|
    |.9############..|
    |.####51   ####..|
    |.####4  3a####..|
    |.a############..|
    |.2#######7####..|
  ->|. 18c#ca4 ####..|<-
    |................|
    |................|
    |................|
    |................|
    |................|
    |................|
     ----------------

Char 0x0062 'b'
  Font: DejaVuSans-Bold (24)
  Bitmap: 14 x 18
  Advance: 17
  Offset: 2 x 0
     _________________
    |.................|
    |..####          .|
    |..####          .|
    |..####          .|
    |..####          .|
    |..####          .|
    |..#### 39c#c71  .|
    |..####7######c2 .|
    |..############b .|
    |..#####5  4####5.|
    |..####5    5###a.|
    |..####1    1###c.|
    |..####      ####.|
    |..####1    1###c.|
    |..####5    5###a.|
    |..#####5  4####5.|
    |..############b .|
    |..####7######c2 .|
  ->|..#### 39c#c71  .|<-
    |.................|
    |.................|
    |.................|
    |.................|
    |.................|
    |.................|
     -----------------

Char 0x0063 'c'
  Font: DejaVuSans-Bold (24)
  Bitmap: 12 x 13
  Advance: 14
  Offset: 1 x 0
     ______________
    |..............|
    |..............|
    |..............|
    |..............|
    |..............|
    |..............|
    |.   27ac##b82.|
    |.  7#########.|
    |. 9##########.|
    |.4####93  15a.|
    |.a###8       .|
    |.####1       .|
    |.####        .|
    |.####1       .|
    |.a###8       .|
    |.4####93  14a.|
    |. 9##########.|
    |.  7#########.|
  ->|.   27ac##b83.|<-
    |..............|
    |..............|
    |..............|
    |..............|
    |..............|
    |..............|
     --------------

Char 0x0064 'd'
  Font: DejaVuSans-Bold (24)
  Bitmap: 14 x 18
  Advance: 17
  Offset: 1 x 0
     _________________
    |.................|
    |.          ####..|
    |.          ####..|
    |.          ####..|
    |.          ####..|
    |.          ####..|
    |.  17c#c93 ####..|
    |. 2c######7####..|
    |. b############..|
    |.5####5  5#####..|
    |.a###5    5####..|
    |.c###1    1####..|
    |.####      ####..|
    |.c###1    1####..|
    |.a###5    5####..|
    |.5####4  4#####..|
    |. c############..|
    |. 2c######7####..|
  ->|.  17c#c93 ####..|<-
    |.................|
    |.................|
    |.................|
    |.................|
    |.................|
    |.................|
     -----------------

Char 0x0065 'e'
  Font: DejaVuSans-Bold (24)
  Bitmap: 14 x 13
  Advance: 16
  Offset: 1 x 0
     ________________
    |................|
    |................|
    |................|
    |................|
    |................|
    |................|
    |.   38b##c94   .|
    |.  9########9  .|
    |. a##########a .|
    |.4###c4  2a###4.|
    |.a###3    1###9.|
    |.c############c.|
    |.##############.|
    |.c#############.|
    |.a###2         .|
    |.5###b4   247b .|
    |. a########### .|
    |.  a########## .|
  ->|.   38b###b962 .|<-
    |................|
    |................|
    |................|
    |................|
    |................|
    |................|
     ----------------

Char 0x0066 'f'
  Font: DejaVuSans-Bold (24)
  Bitmap: 10 x 18
  Advance: 10
  Offset: 1 x 0
     __________
    |...........|
    |.   29c####|
    |.  3#######|
    |.  a#######|
    |.  ####4   |
    |.  ####    |
    |.##########|
    |.##########|
    |.##########|
    |.  ####    |
    |.  ####    |
    |.  ####    |
    |.  ####    |
    |.  ####    |
    |.  ####    |
    |.  ####    |
    |.  ####    |
    |.  ####    |
  ->|.  ####    |<-
    |...........|
    |...........|
    |...........|
    |...........|
    |...........|
    |...........|
     ----------

Char 0x0067 'g'
  Font: DejaVuSans-Bold (24)
  Bitmap: 14 x 18
  Advance: 17
  Offset: 1 x -5
     _________________
    |.................|
    |.................|
    |.................|
    |.................|
    |.................|
    |.................|
    |.  17c#c93 ####..|
    |. 2c######7####..|
    |. b############..|
    |.5####5  5#####..|
    |.a###6    6####..|
    |.c###1    1####..|
    |.####      ####..|
    |.c###1    1####..|
    |.a###5    6####..|
    |.5####4  5#####..|
    |. b############..|
    |. 2c######7####..|
  ->|.  17c#c93 ####..|<-
    |.         5###b..|
    |.  b52  16####6..|
    |.  ##########b ..|
    |.  #########a1 ..|
    |.  27b###b84   ..|
    |.................|
     -----------------

Char 0x0068 'h'
  Font: DejaVuSans-Bold (24)
  Bitmap: 13 x 18
  Advance: 17
  Offset: 2 x 0
     _________________
    |.................|
    |..####         ..|
    |..####         ..|
    |..####         ..|
    |..####         ..|
    |..####         ..|
    |..#### 39c#c81 ..|
    |..####6######b ..|
    |..############7..|
    |..#####5 19###b..|
    |..####6   1####..|
    |..####1    ####..|
    |..####     ####..|
    |..####     ####..|
    |..####     ####..|
    |..####     ####..|
    |..####     ####..|
    |..####     ####..|
  ->|..####     ####..|<-
    |.................|
    |.................|
    |.................|
    |.................|
    |.................|
    |.................|
     -----------------

Char 0x0069 'i'
  Font: DejaVuSans-Bold (24)
  Bitmap: 4 x 18
  Advance: 8
  Offset: 2 x 0
     ________
    |........|
    |..####..|
    |..####..|
    |..####..|
    |..####..|
    |..    ..|
    |..####..|
    |..####..|
    |..####..|
    |..####..|
    |..####..|
    |..####..|
    |..####..|
    |..####..|
    |..####..|
    |..####..|
    |..####..|
    |..####..|
  ->|..####..|<-
    |........|
    |........|
    |........|
    |........|
    |........|
    |........|
     --------

Char 0x006a 'j'
  Font: DejaVuSans-Bold (24)
  Bitmap: 7 x 23
  Advance: 8
  Offset: -1 x -5
      ________
    |.........|
    |   ####..|
    |   ####..|
    |   ####..|
    |   ####..|
    |       ..|
    |   ####..|
    |   ####..|
    |   ####..|
    |   ####..|
    |   ####..|
    |   ####..|
    |   ####..|
    |   ####..|
    |   ####..|
    |   ####..|
    |   ####..|
    |   ####..|
  ->|   ####..|<-
    |  1###c..|
    |  8###a..|
    |######5..|
    |#####a ..|
    |###b7  ..|
    |.........|
      --------

Char 0x006b 'k'
  Font: DejaVuSans-Bold (24)
  Bitmap: 14 x 18
  Advance: 16
  Offset: 2 x 0
     ________________
    |................|
    |..####          |
    |..####          |
    |..####          |
    |..####          |
    |..####          |
    |..####   1c###7 |
    |..####  1b###7  |
    |..####  b###7   |
    |..#### a###7    |
    |..####a###7     |
    |..#######7      |
    |..#######7      |
    |..####c###7     |
    |..####2####7    |
    |..#### 3####7   |
    |..####  4####7  |
    |..####   5####7 |
  ->|..####    6####7|<-
    |................|
    |................|
    |................|
    |................|
    |................|
    |................|
     ----------------

Char 0x006c 'l'
  Font: DejaVuSans-Bold (24)
  Bitmap: 4 x 18
  Advance: 8
  Offset: 2 x 0
     ________
    |........|
    |..####..|
    |..####..|
    |..####..|
    |..####..|
    |..####..|
    |..####..|
    |..####..|
    |..####..|
    |..####..|
    |..####..|
    |..####..|
    |..####..|
    |..####..|
    |..####..|
    |..####..|
    |..####..|
    |..####..|
  ->|..####..|<-
    |........|
    |........|
    |........|
    |........|
    |........|
    |........|
     --------

Char 0x006d 'm'
  Font: DejaVuSans-Bold (24)
  Bitmap: 20 x 13
  Advance: 25
  Offset: 2 x 0
     _________________________
    |.........................|
    |.........................|
    |.........................|
    |.........................|
    |.........................|
    |.........................|
    |..#### 5b##91  6b#c81 ...|
    |..####7#####c1a#####c ...|
    |..###################7...|
    |..####c3 7####c3 7###b...|
    |..####5  1####5  1####...|
    |..####1   ####1   ####...|
    |..####    ####    ####...|
    |..####    ####    ####...|
    |..####    ####    ####...|
    |..####    ####    ####...|
    |..####    ####    ####...|
    |..####    ####    ####...|
  ->|..####    ####    ####...|<-
    |.........................|
    |.........................|
    |.........................|
    |.........................|
    |.........................|
    |.........................|
     -------------------------

Char 0x006e 'n'
  Font: DejaVuSans-Bold (24)
  Bitmap: 13 x 13
  Advance: 17
  Offset: 2 x 0
     _________________
    |.................|
    |.................|
    |.................|
    |.................|
    |.................|
    |.................|
    |..#### 39c#c81 ..|
    |..####6######b ..|
    |..############7..|
    |..#####5 19###b..|
    |..####6   1####..|
    |..####1    ####..|
    |..####     ####..|
    |..####     ####..|
    |..####     ####..|
    |..####     ####..|
    |..####     ####..|
    |..####     ####..|
  ->|..####     ####..|<-
    |.................|
    |.................|
    |.................|
    |.................|
    |.................|
    |.................|
     -----------------

Char 0x006f 'o'
  Font: DejaVuSans-Bold (24)
  Bitmap: 14 x 13
  Advance: 16
  Offset: 1 x 0
     ________________
    |................|
    |................|
    |................|
    |................|
    |................|
    |................|
    |.   49c##c94   .|
    |. 1a########a1 .|
    |. a##########a .|
    |.5####5  4####5.|
    |.a###5    5###a.|
    |.c###1    1###c.|
    |.####      ####.|
    |.c###1    1###c.|
    |.a###5    5###a.|
    |.5####4  4####5.|
    |. a##########a .|
    |. 1a########a1 .|
  ->|.   49c##c94   .|<-
    |................|
    |................|
    |................|
    |................|
    |................|
    |................|
     ----------------

Char 0x0070 'p'
  Font: DejaVuSans-Bold (24)
  Bitmap: 14 x 18
  Advance: 17
  Offset: 2 x -5
     _________________
    |.................|
    |.................|
    |.................|
    |.................|
    |.................|
    |.................|
    |..#### 39c#c71  .|
    |..####7######c2 .|
    |..############b .|
    |..#####5  4####5.|
    |..####5    5###a.|
    |..####1    1###c.|
    |..####      ####.|
    |..####1    1###c.|
    |..####5    5###a.|
    |..#####5  4####5.|
    |..############b .|
    |..####7######c2 .|
  ->|..#### 39c#c71  .|<-
    |..####          .|
    |..####          .|
    |..####          .|
    |..####          .|
    |..####          .|
    |.................|
     -----------------

Char 0x0071 'q'
  Font: DejaVuSans-Bold (24)
  Bitmap: 14 x 18
  Advance: 17
  Offset: 1 x -5
     _________________
    |.................|
    |.................|
    |.................|
    |.................|
    |.................|
    |.................|
    |.  17c#c93 ####..|
    |. 2c######7####..|
    |. c############..|
    |.6####5  5#####..|
    |.a###5    5####..|
    |.####1    1####..|
    |.####      ####..|
    |.c###1    1####..|
    |.a###5    5####..|
    |.5####4  4#####..|
    |. c############..|
    |. 2c######7####..|
  ->|.  17c#c93 ####..|<-
    |.          ####..|
    |.          ####..|
    |.          ####..|
    |.          ####..|
    |.          ####..|
    |.................|
     -----------------

Char 0x0072 'r'
  Font: DejaVuSans-Bold (24)
  Bitmap: 10 x 13
  Advance: 12
  Offset: 2 x 0
     ____________
    |............|
    |............|
    |............|
    |............|
    |............|
    |............|
    |..#### 39c##|
    |..####7#####|
    |..##########|
    |..#####82 28|
    |..####9     |
    |..####3     |
    |..####      |
    |..####      |
    |..####      |
    |..####      |
    |..####      |
    |..####      |
  ->|..####      |<-
    |............|
    |............|
    |............|
    |............|
    |............|
    |............|
     ------------

Char 0x0073 's'
  Font: DejaVuSans-Bold (24)
  Bitmap: 12 x 13
  Advance: 14
  Offset: 1 x 0
     ______________
    |..............|
    |..............|
    |..............|
    |..............|
    |..............|
    |..............|
    |. 17b###b962 .|
    |.3########## .|
    |.a########## .|
    |.####3  137b .|
    |.####732     .|
    |.8#######b71 .|
    |. 9#########2.|
    |.  268ac####a.|
    |.       2####.|
    |.b741   5####.|
    |.###########a.|
    |.##########c1.|
  ->|.269b###ca6  .|<-
    |..............|
    |..............|
    |..............|
    |..............|
    |..............|
    |..............|
     --------------

Char 0x0074 't'
  Font: DejaVuSans-Bold (24)
  Bitmap: 10 x 17
  Advance: 11
  Offset: 0 x 0
     ___________
    |...........|
    |...........|
    |  ####    .|
    |  ####    .|
    |  ####    .|
    |  ####    .|
    |##########.|
    |##########.|
    |##########.|
    |  ####    .|
    |  ####    .|
    |  ####    .|
    |  ####    .|
    |  ####    .|
    |  ####    .|
    |  ####4   .|
    |  a#######.|
    |  4#######.|
  ->|   4a#####.|<-
    |...........|
    |...........|
    |...........|
    |...........|
    |...........|
    |...........|
     -----------

Char 0x0075 'u'
  Font: DejaVuSans-Bold (24)
  Bitmap: 13 x 13
  Advance: 17
  Offset: 2 x 0
     _________________
    |.................|
    |.................|
    |.................|
    |.................|
    |.................|
    |.................|
    |..####     ####..|
    |..####     ####..|
    |..####     ####..|
    |..####     ####..|
    |..####     ####..|
    |..####     ####..|
    |..####     ####..|
    |..####    1####..|
    |..####1   6####..|
    |..b###91 5#####..|
    |..7############..|
    |.. b######6####..|
  ->|.. 18c#c93 ####..|<-
    |.................|
    |.................|
    |.................|
    |.................|
    |.................|
    |.................|
     -----------------

Char 0x0076 'v'
  Font: DejaVuSans-Bold (24)
  Bitmap: 15 x 13
  Advance: 16
  Offset: 0 x 0
     ________________
    |................|
    |................|
    |................|
    |................|
    |................|
    |................|
    |b###6     6###b.|
    |5###a     a###5.|
    | ####1   1#### .|
    | 8###5   5###8 .|
    | 2###a   a###2 .|
    |  b###1 1###b  .|
    |  5###5 5###5  .|
    |   ###9 9###   .|
    |   8###1###8   .|
    |   2###9###2   .|
    |    b#####b    .|
    |    5#####5    .|
  ->|     #####     .|<-
    |................|
    |................|
    |................|
    |................|
    |................|
    |................|
     ----------------

Char 0x0077 'w'
  Font: DejaVuSans-Bold (24)
  Bitmap: 21 x 13
  Advance: 22
  Offset: 1 x 0
     ______________________
    |......................|
    |......................|
    |......................|
    |......................|
    |......................|
    |......................|
    |.c###3   5###5   3###c|
    |.8###7   9###9   7###8|
    |.4###b   c###c   b###4|
    |. ####1 2#####2 1#### |
    |. a###5 6#####6 5###a |
    |. 7###8 9##b##9 8###6 |
    |. 3###c ###4### c###3 |
    |.  ####5##c c##5####  |
    |.  9###c##8 9##c###9  |
    |.  5######5 5######5  |
    |.  1######1 2######1  |
    |.   c####c   c####c   |
  ->|.   8####8   8####8   |<-
    |......................|
    |......................|
    |......................|
    |......................|
    |......................|
    |......................|
     ----------------------

Char 0x0078 'x'
  Font: DejaVuSans-Bold (24)
  Bitmap: 15 x 13
  Advance: 15
  Offset: 0 x 0
     _______________
    |...............|
    |...............|
    |...............|
    |...............|
    |...............|
    |...............|
    |8####5   5####8|
    | a###c   c###a |
    | 1c###7 7###c1 |
    |  2####4####2  |
    |   5#######5   |
    |    7#####7    |
    |     #####     |
    |    8#####8    |
    |   5###c###5   |
    |  3###c1c###3  |
    | 1c###5 5###c1 |
    | a###b   b###a |
  ->|8####3   3####8|<-
    |...............|
    |...............|
    |...............|
    |...............|
    |...............|
    |...............|
     ---------------

Char 0x0079 'y'
  Font: DejaVuSans-Bold (24)
  Bitmap: 15 x 18
  Advance: 16
  Offset: 0 x -5
     ________________
    |................|
    |................|
    |................|
    |................|
    |................|
    |................|
    |a###8     7###b.|
    |4####     c###5.|
    | c###6   4#### .|
    | 6###c   9###8 .|
    |  ####4 1####2 .|
    |  8###a 7###b  .|
    |  2####3c###5  .|
    |   9###c####   .|
    |   3#######8   .|
    |    b######2   .|
    |    5#####b    .|
    |     c####5    .|
  ->|     7####     .|<-
    |     a###8     .|
    |    5####2     .|
    |  c#####9      .|
    |  c####c1      .|
    |  c##c91       .|
    |................|
     ----------------

Char 0x007a 'z'
  Font: DejaVuSans-Bold (24)
  Bitmap: 12 x 13
  Advance: 14
  Offset: 1 x 0
     ______________
    |..............|
    |..............|
    |..............|
    |..............|
    |..............|
    |..............|
    |.############.|
    |.############.|
    |.############.|
    |.      b####6.|
    |.     a####7 .|
    |.    a####9  .|
    |.   9####a   .|
    |.  8####b    .|
    |. 7####c1    .|
    |.6#####2     .|
    |.############.|
    |.############.|
  ->|.############.|<-
    |..............|
    |..............|
    |..............|
    |..............|
    |..............|
    |..............|
     --------------

Char 0x007b '{'
  Font: DejaVuSans-Bold (24)
  Bitmap: 11 x 22
  Advance: 17
  Offset: 3 x -4
     _________________
    |.................|
    |...     29c###...|
    |...    2######...|
    |...    9######...|
    |...    c###7  ...|
    |...    ####1  ...|
    |...    ####   ...|
    |...    ####   ...|
    |...    ####   ...|
    |...   3####   ...|
    |...  3b###a   ...|
    |...#######3   ...|
    |...######5    ...|
    |...#######5   ...|
    |...  3a###b   ...|
    |...   2####   ...|
    |...    ####   ...|
    |...    ####   ...|
  ->|...    ####   ...|<-
    |...    ####6  ...|
    |...    9######...|
    |...    3######...|
    |...     29c###...|
    |.................|
    |.................|
     -----------------

Char 0x007c '|'
  Font: DejaVuSans-Bold (24)
  Bitmap: 3 x 24
  Advance: 9
  Offset: 3 x -6
     _________
    |.........|
    |...###...|
    |...###...|
    |...###...|
    |...###...|
    |...###...|
    |...###...|
    |...###...|
    |...###...|
    |...###...|
    |...###...|
    |...###...|
    |...###...|
    |...###...|
    |...###...|
    |...###...|
    |...###...|
    |...###...|
  ->|...###...|<-
    |...###...|
    |...###...|
    |...###...|
    |...###...|
    |...###...|
    |...###...|
     ---------

Char 0x007d '}'
  Font: DejaVuSans-Bold (24)
  Bitmap: 11 x 22
  Advance: 17
  Offset: 3 x -4
     _________________
    |.................|
    |...###c92     ...|
    |...######2    ...|
    |...######9    ...|
    |...  7###c    ...|
    |...  1####    ...|
    |...   ####    ...|
    |...   ####    ...|
    |...   ####    ...|
    |...   ####3   ...|
    |...   a###b3  ...|
    |...   3#######...|
    |...    5######...|
    |...   5#######...|
    |...   b###a3  ...|
    |...   ####2   ...|
    |...   ####    ...|
    |...   ####    ...|
  ->|...   ####    ...|<-
    |...  6###c    ...|
    |...######9    ...|
    |...######3    ...|
    |...###c92     ...|
    |.................|
    |.................|
     -----------------

Char 0x007e '~'
  Font: DejaVuSans-Bold (24)
  Bitmap: 15 x 5
  Advance: 20
  Offset: 3 x 5
     ____________________
    |....................|
    |....................|
    |....................|
    |....................|
    |....................|
    |....................|
    |....................|
    |....................|
    |....................|
    |... 18c#b71     1a..|
    |...4#######83 15c#..|
    |...###############..|
    |...#b41 38#######4..|
    |...6      17b#c81 ..|
    |....................|
    |....................|
    |....................|
    |....................|
  ->|....................|<-
    |....................|
    |....................|
    |....................|
    |....................|
    |....................|
    |....................|
     --------------------

